<?xml version="1.0" encoding="UTF-8"?>
<!-- Generated by org.testng.reporters.JUnitReportReporter -->
<testsuite hostname="DESKTOP-FDT8EO2" failures="0" tests="1" name="New_jenkins.UItest" time="18.898" errors="0" timestamp="2024-06-02T15:03:13 IST" skipped="0">
  <testcase classname="New_jenkins.UItest" name="Startbrowser" time="18.898"/>
</testsuite> <!-- New_jenkins.UItest -->
