<?xml version="1.0" encoding="UTF-8"?>
<!-- Generated by org.testng.reporters.JUnitReportReporter -->
<testsuite hostname="DESKTOP-FDT8EO2" failures="0" tests="1" name="New_jenkins.UItest" time="12.435" errors="0" timestamp="2024-06-03T12:14:49 IST" skipped="0">
  <testcase classname="New_jenkins.UItest" name="Startbrowser" time="12.435"/>
</testsuite> <!-- New_jenkins.UItest -->
